2013-02-27 17:17:49 Error: [MissingViewException] View file "/home2/edgarpaz/public_html/yummy/cakephp/app/View/Users/index.ctp" is missing.
Exception Attributes: array (
  'file' => '/home2/edgarpaz/public_html/yummy/cakephp/app/View/Users/index.ctp',
)
Request URL: /cakephp/users
Stack Trace:
#0 /home2/edgarpaz/public_html/yummy/cakephp/lib/Cake/View/View.php(467): View->_getViewFileName(NULL)
#1 /home2/edgarpaz/public_html/yummy/cakephp/lib/Cake/Controller/Controller.php(947): View->render(NULL, NULL)
#2 /home2/edgarpaz/public_html/yummy/cakephp/lib/Cake/Routing/Dispatcher.php(193): Controller->render()
#3 /home2/edgarpaz/public_html/yummy/cakephp/lib/Cake/Routing/Dispatcher.php(161): Dispatcher->_invoke(Object(UsersController), Object(CakeRequest), Object(CakeResponse))
#4 /home2/edgarpaz/public_html/yummy/cakephp/app/webroot/index.php(102): Dispatcher->dispatch(Object(CakeRequest), Object(CakeResponse))
#5 {main}
2013-02-27 17:43:45 Error: [MissingViewException] View file "/home2/edgarpaz/public_html/yummy/cakephp/app/View/Users/index.ctp" is missing.
Exception Attributes: array (
  'file' => '/home2/edgarpaz/public_html/yummy/cakephp/app/View/Users/index.ctp',
)
Request URL: /cakephp/users
Stack Trace:
#0 /home2/edgarpaz/public_html/yummy/cakephp/lib/Cake/View/View.php(467): View->_getViewFileName(NULL)
#1 /home2/edgarpaz/public_html/yummy/cakephp/lib/Cake/Controller/Controller.php(947): View->render(NULL, NULL)
#2 /home2/edgarpaz/public_html/yummy/cakephp/lib/Cake/Routing/Dispatcher.php(193): Controller->render()
#3 /home2/edgarpaz/public_html/yummy/cakephp/lib/Cake/Routing/Dispatcher.php(161): Dispatcher->_invoke(Object(UsersController), Object(CakeRequest), Object(CakeResponse))
#4 /home2/edgarpaz/public_html/yummy/cakephp/app/webroot/index.php(102): Dispatcher->dispatch(Object(CakeRequest), Object(CakeResponse))
#5 {main}
2013-02-27 18:19:56 Error: [MissingViewException] View file "/home2/edgarpaz/public_html/yummy/cakephp/app/View/Users/index.ctp" is missing.
Exception Attributes: array (
  'file' => '/home2/edgarpaz/public_html/yummy/cakephp/app/View/Users/index.ctp',
)
Request URL: /cakephp/users
Stack Trace:
#0 /home2/edgarpaz/public_html/yummy/cakephp/lib/Cake/View/View.php(467): View->_getViewFileName(NULL)
#1 /home2/edgarpaz/public_html/yummy/cakephp/lib/Cake/Controller/Controller.php(947): View->render(NULL, NULL)
#2 /home2/edgarpaz/public_html/yummy/cakephp/lib/Cake/Routing/Dispatcher.php(193): Controller->render()
#3 /home2/edgarpaz/public_html/yummy/cakephp/lib/Cake/Routing/Dispatcher.php(161): Dispatcher->_invoke(Object(UsersController), Object(CakeRequest), Object(CakeResponse))
#4 /home2/edgarpaz/public_html/yummy/cakephp/app/webroot/index.php(102): Dispatcher->dispatch(Object(CakeRequest), Object(CakeResponse))
#5 {main}
2013-02-27 18:21:03 Error: [MissingViewException] View file "/home2/edgarpaz/public_html/yummy/cakephp/app/View/Users/index.ctp" is missing.
Exception Attributes: array (
  'file' => '/home2/edgarpaz/public_html/yummy/cakephp/app/View/Users/index.ctp',
)
Request URL: /cakephp/users
Stack Trace:
#0 /home2/edgarpaz/public_html/yummy/cakephp/lib/Cake/View/View.php(467): View->_getViewFileName(NULL)
#1 /home2/edgarpaz/public_html/yummy/cakephp/lib/Cake/Controller/Controller.php(947): View->render(NULL, NULL)
#2 /home2/edgarpaz/public_html/yummy/cakephp/lib/Cake/Routing/Dispatcher.php(193): Controller->render()
#3 /home2/edgarpaz/public_html/yummy/cakephp/lib/Cake/Routing/Dispatcher.php(161): Dispatcher->_invoke(Object(UsersController), Object(CakeRequest), Object(CakeResponse))
#4 /home2/edgarpaz/public_html/yummy/cakephp/app/webroot/index.php(102): Dispatcher->dispatch(Object(CakeRequest), Object(CakeResponse))
#5 {main}
